2018-01-08 03:24:26,817 INFO  [default] SDL initialized
2018-01-08 03:24:26,821 INFO  [default] SDL Window created
2018-01-08 03:24:26,824 INFO  [default] SDL gl context created. Version: 3.0 Mesa 17.2.4
2018-01-08 03:24:26,829 INFO  [default] Glew initialized
2018-01-08 03:24:26,829 INFO  [default] OpenGL buffers initialized
2018-01-08 03:24:26,834 INFO  [default] Shader program linked successfully.
2018-01-08 03:24:26,834 INFO  [default] Shader 'color' loaded
2018-01-08 03:24:26,861 WARN  [default] No width specified for sprite. Using default. OBJ ID: 4
2018-01-08 03:24:26,861 WARN  [default] No height specified for sprite. Using default. OBJ ID: 4
2018-01-08 03:24:26,861 INFO  [default] Scene 'the_scene' loaded
2018-01-08 03:24:26,861 WARN  [default] SSceneComPhysics::generateBox2DBody Linked objects can ONLY be used as triggers.
2018-01-08 03:24:26,861 WARN  [default] Making the body the trigger
2018-01-08 03:24:26,862 INFO  [default] LUA: CALLBACK the_script.lua loaded
2018-01-08 03:24:26,862 INFO  [default] LUA: THE LUA SCRIPT 2 LOAdED ON LOAD! 2
2018-01-08 03:24:26,862 INFO  [default] Scene 'the_scene' component systems initialized
2018-01-08 03:24:26,862 INFO  [default] Engine components initialized successfully
2018-01-08 03:24:27,160 INFO  [default] LUA: COLLIDED222 3 SelfID 2
2018-01-08 03:24:28,227 INFO  [default] FPS: 1142.71
2018-01-08 03:24:28,794 INFO  [default] Toggle physics ticking: 0
2018-01-08 03:24:28,813 INFO  [default] All modules deleted successfully
2018-01-08 03:25:46,307 INFO  [default] SDL initialized
2018-01-08 03:25:46,312 INFO  [default] SDL Window created
2018-01-08 03:25:46,317 INFO  [default] SDL gl context created. Version: 3.0 Mesa 17.2.4
2018-01-08 03:25:46,322 INFO  [default] Glew initialized
2018-01-08 03:25:46,322 INFO  [default] OpenGL buffers initialized
2018-01-08 03:25:46,328 INFO  [default] Shader program linked successfully.
2018-01-08 03:25:46,328 INFO  [default] Shader 'color' loaded
2018-01-08 03:25:46,360 WARN  [default] No width specified for sprite. Using default. OBJ ID: 4
2018-01-08 03:25:46,360 WARN  [default] No height specified for sprite. Using default. OBJ ID: 4
2018-01-08 03:25:46,360 INFO  [default] Scene 'the_scene' loaded
2018-01-08 03:25:46,360 WARN  [default] SSceneComPhysics::generateBox2DBody Linked objects can ONLY be used as triggers.
2018-01-08 03:25:46,360 WARN  [default] Making the body the trigger
2018-01-08 03:25:46,361 INFO  [default] LUA: CALLBACK the_script.lua loaded
2018-01-08 03:25:46,361 INFO  [default] LUA: THE LUA SCRIPT 2 LOAdED ON LOAD! 2
2018-01-08 03:25:46,361 INFO  [default] Scene 'the_scene' component systems initialized
2018-01-08 03:25:46,361 INFO  [default] Engine components initialized successfully
2018-01-08 03:25:46,644 INFO  [default] LUA: COLLIDED222 3 SelfID 2
2018-01-08 03:25:47,909 INFO  [default] FPS: 497.643
2018-01-08 03:25:48,326 INFO  [default] Toggle physics ticking: 0
2018-01-08 03:25:48,343 INFO  [default] All modules deleted successfully
